<?xml version="1.0" encoding="UTF-8"?>
<testsuite xmlns:xsi="http://www.w3.org/2001/XMLSchema-instance" xsi:noNamespaceSchemaLocation="https://maven.apache.org/surefire/maven-failsafe-plugin/xsd/failsafe-test-report.xsd" name="org.schemaspy.integrationtesting.OracleSpacesIT" time="63.484" tests="1" errors="0" skipped="1" failures="0">
  <properties>
    <property name="java.runtime.name" value="Java(TM) SE Runtime Environment"/>
    <property name="sun.boot.library.path" value="/usr/lib/jvm/java-8-oracle/jre/lib/amd64"/>
    <property name="java.vm.version" value="25.151-b12"/>
    <property name="java.vm.vendor" value="Oracle Corporation"/>
    <property name="maven.multiModuleProjectDirectory" value="/home/travis/build/schemaspy/schemaspy"/>
    <property name="java.vendor.url" value="http://java.oracle.com/"/>
    <property name="path.separator" value=":"/>
    <property name="guice.disable.misplaced.annotation.check" value="true"/>
    <property name="java.vm.name" value="Java HotSpot(TM) 64-Bit Server VM"/>
    <property name="file.encoding.pkg" value="sun.io"/>
    <property name="user.country" value="US"/>
    <property name="sun.java.launcher" value="SUN_STANDARD"/>
    <property name="sun.os.patch.level" value="unknown"/>
    <property name="java.vm.specification.name" value="Java Virtual Machine Specification"/>
    <property name="user.dir" value="/home/travis/build/schemaspy/schemaspy"/>
    <property name="java.runtime.version" value="1.8.0_151-b12"/>
    <property name="java.awt.graphicsenv" value="sun.awt.X11GraphicsEnvironment"/>
    <property name="java.endorsed.dirs" value="/usr/lib/jvm/java-8-oracle/jre/lib/endorsed"/>
    <property name="os.arch" value="amd64"/>
    <property name="java.io.tmpdir" value="/tmp"/>
    <property name="line.separator" value="&#10;"/>
    <property name="java.vm.specification.vendor" value="Oracle Corporation"/>
    <property name="os.name" value="Linux"/>
    <property name="classworlds.conf" value="/usr/local/maven-3.5.2/bin/m2.conf"/>
    <property name="sun.jnu.encoding" value="UTF-8"/>
    <property name="sonar.login" value="b9b723417cef6e356aa2bf13a6de9b19271e28e3"/>
    <property name="java.library.path" value="/usr/java/packages/lib/amd64:/usr/lib64:/lib64:/lib:/usr/lib"/>
    <property name="maven.conf" value="/usr/local/maven-3.5.2/conf"/>
    <property name="java.specification.name" value="Java Platform API Specification"/>
    <property name="java.class.version" value="52.0"/>
    <property name="sun.management.compiler" value="HotSpot 64-Bit Tiered Compilers"/>
    <property name="os.version" value="4.4.0-101-generic"/>
    <property name="library.jansi.path" value="/usr/local/maven-3.5.2/lib/jansi-native"/>
    <property name="user.home" value="/home/travis"/>
    <property name="user.timezone" value="UTC"/>
    <property name="java.awt.printerjob" value="sun.print.PSPrinterJob"/>
    <property name="sonar.host.url" value="https://sonarqube.com"/>
    <property name="java.specification.version" value="1.8"/>
    <property name="file.encoding" value="UTF-8"/>
    <property name="user.name" value="travis"/>
    <property name="java.class.path" value="/usr/local/maven-3.5.2/boot/plexus-classworlds-2.5.2.jar"/>
    <property name="java.vm.specification.version" value="1.8"/>
    <property name="sun.arch.data.model" value="64"/>
    <property name="java.home" value="/usr/lib/jvm/java-8-oracle/jre"/>
    <property name="sun.java.command" value="org.codehaus.plexus.classworlds.launcher.Launcher clean org.jacoco:jacoco-maven-plugin:prepare-agent verify sonar:sonar -B -e -V -Dsonar.host.url=https://sonarqube.com -Dsonar.login=b9b723417cef6e356aa2bf13a6de9b19271e28e3"/>
    <property name="java.specification.vendor" value="Oracle Corporation"/>
    <property name="user.language" value="en"/>
    <property name="awt.toolkit" value="sun.awt.X11.XToolkit"/>
    <property name="java.vm.info" value="mixed mode"/>
    <property name="java.version" value="1.8.0_151"/>
    <property name="java.ext.dirs" value="/usr/lib/jvm/java-8-oracle/jre/lib/ext:/usr/java/packages/lib/ext"/>
    <property name="securerandom.source" value="file:/dev/./urandom"/>
    <property name="sun.boot.class.path" value="/usr/lib/jvm/java-8-oracle/jre/lib/resources.jar:/usr/lib/jvm/java-8-oracle/jre/lib/rt.jar:/usr/lib/jvm/java-8-oracle/jre/lib/sunrsasign.jar:/usr/lib/jvm/java-8-oracle/jre/lib/jsse.jar:/usr/lib/jvm/java-8-oracle/jre/lib/jce.jar:/usr/lib/jvm/java-8-oracle/jre/lib/charsets.jar:/usr/lib/jvm/java-8-oracle/jre/lib/jfr.jar:/usr/lib/jvm/java-8-oracle/jre/classes"/>
    <property name="java.vendor" value="Oracle Corporation"/>
    <property name="maven.home" value="/usr/local/maven-3.5.2"/>
    <property name="file.separator" value="/"/>
    <property name="java.vendor.url.bug" value="http://bugreport.sun.com/bugreport/"/>
    <property name="sun.cpu.endian" value="little"/>
    <property name="sun.io.unicode.encoding" value="UnicodeLittle"/>
    <property name="sun.cpu.isalist" value=""/>
  </properties>
  <testcase name="org.schemaspy.integrationtesting.OracleSpacesIT" classname="org.schemaspy.integrationtesting.OracleSpacesIT" time="0">
    <skipped message="got: &lt;java.lang.RuntimeException: Could not get Driver&gt;, expected: null"/>
    <system-out><![CDATA[21:59:01.629 [main] INFO  org.testcontainers.dockerclient.EnvironmentAndSystemPropertyClientProviderStrategy - Found docker client settings from environment
21:59:01.670 [main] INFO  org.testcontainers.dockerclient.DockerClientProviderStrategy - Found Docker environment with Environment variables, system properties and defaults. Resolved: 
    dockerHost=unix:///var/run/docker.sock
    apiVersion='{UNKNOWN_VERSION}'
    registryUrl='https://index.docker.io/v1/'
    registryUsername='travis'
    registryPassword='null'
    registryEmail='null'
    dockerConfig='DefaultDockerClientConfig[dockerHost=unix:///var/run/docker.sock,registryUsername=travis,registryPassword=<null>,registryEmail=<null>,registryUrl=https://index.docker.io/v1/,dockerConfig=/home/travis/.docker,sslConfig=<null>,apiVersion={UNKNOWN_VERSION}]'

21:59:01.683 [main] INFO  org.testcontainers.DockerClientFactory - Docker host IP address is localhost
21:59:01.974 [main] INFO  org.testcontainers.DockerClientFactory - Connected to docker: 
  Server Version: 17.09.0-ce
  API Version: 1.32
  Operating System: Ubuntu 14.04.5 LTS
  Total Memory: 7479 MB
        &amp#27;[37m&amp#27;[1mℹ︎ Checking the system...&amp#27;[0m&amp#27;[0m
        &amp#27;[32m✔ Docker version should be at least 1.6.0&amp#27;[0m
        &amp#27;[32m✔ Docker environment should have more than 2GB free disk space&amp#27;[0m
        &amp#27;[32m✔ File should be mountable&amp#27;[0m
        &amp#27;[32m✔ A port exposed by a docker container should be accessible&amp#27;[0m
]]></system-out>
  </testcase>
</testsuite>